Using pre-set license
Built from '2020.3/staging' branch; Version is '2020.3.13f1 (71691879b7f5) revision 7432472'; Using compiler version '192528614'; Build Type 'Release'
OS: 'Windows 10 Home; OS build 19042.1237; Version 2009; 64bit' Language: 'es' Physical Memory: 32720 MB
BatchMode: 1, IsHumanControllingUs: 0, StartBugReporterOnCrash: 0, Is64bit: 1, IsPro: 0

 COMMAND LINE ARGUMENTS:
C:\Program Files\Unity\Hub\Editor\2020.3.13f1\Editor\Unity.exe
-adb2
-batchMode
-noUpm
-name
AssetImportWorker0
-projectPath
C:/Users/gerga/Documents/GitHub/supertrackX1/SuperTrackX1.0
-logFile
Logs/AssetImportWorker0.log
-srvPort
64905
Successfully changed project path to: C:/Users/gerga/Documents/GitHub/supertrackX1/SuperTrackX1.0
C:/Users/gerga/Documents/GitHub/supertrackX1/SuperTrackX1.0
Using Asset Import Pipeline V2.
Refreshing native plugins compatible for Editor in 149.55 ms, found 2 plugins.
Preloading 0 native plugins for Editor in 0.00 ms.
Initialize engine version: 2020.3.13f1 (71691879b7f5)
[Subsystems] Discovering subsystems at path C:/Program Files/Unity/Hub/Editor/2020.3.13f1/Editor/Data/Resources/UnitySubsystems
[Subsystems] Discovering subsystems at path C:/Users/gerga/Documents/GitHub/supertrackX1/SuperTrackX1.0/Assets
GfxDevice: creating device client; threaded=0
Direct3D:
    Version:  Direct3D 11.0 [level 11.1]
    Renderer: NVIDIA GeForce GTX 1070 (ID=0x1b81)
    Vendor:   
    VRAM:     8088 MB
    Driver:   30.0.14.7141
Shader 'Universal Render Pipeline/Particles/Lit': fallback shader 'Universal Render Pipeline/Particles/SimpleLit' not found
Initialize mono
Mono path[0] = 'C:/Program Files/Unity/Hub/Editor/2020.3.13f1/Editor/Data/Managed'
Mono path[1] = 'C:/Program Files/Unity/Hub/Editor/2020.3.13f1/Editor/Data/MonoBleedingEdge/lib/mono/unityjit'
Mono config path = 'C:/Program Files/Unity/Hub/Editor/2020.3.13f1/Editor/Data/MonoBleedingEdge/etc'
Using monoOptions --debugger-agent=transport=dt_socket,embedding=1,server=y,suspend=n,address=127.0.0.1:56908
Begin MonoManager ReloadAssembly
Registering precompiled unity dll's ...
Register platform support module: C:/Program Files/Unity/Hub/Editor/2020.3.13f1/Editor/Data/PlaybackEngines/WindowsStandaloneSupport/UnityEditor.WindowsStandalone.Extensions.dll
Registered in 0.002919 seconds.
Native extension for WindowsStandalone target not found
Refreshing native plugins compatible for Editor in 141.85 ms, found 2 plugins.
Preloading 0 native plugins for Editor in 0.00 ms.
Mono: successfully reloaded assembly
- Completed reload, in  2.576 seconds
Platform modules already initialized, skipping
Registering precompiled user dll's ...
Registered in 0.008549 seconds.
Begin MonoManager ReloadAssembly
Native extension for WindowsStandalone target not found
Refreshing native plugins compatible for Editor in 144.84 ms, found 2 plugins.
Preloading 0 native plugins for Editor in 0.00 ms.
Mono: successfully reloaded assembly
- Completed reload, in  2.199 seconds
Platform modules already initialized, skipping
========================================================================
Worker process is ready to serve import requests
Shader 'Universal Render Pipeline/Particles/Lit': fallback shader 'Universal Render Pipeline/Particles/SimpleLit' not found
Launched and connected shader compiler UnityShaderCompiler.exe after 0.06 seconds
Refreshing native plugins compatible for Editor in 1.37 ms, found 2 plugins.
Preloading 0 native plugins for Editor in 0.00 ms.
Unloading 4897 Unused Serialized files (Serialized files now loaded: 0)
System memory in use before: 227.5 MB.
System memory in use after: 227.8 MB.

Unloading 61 unused Assets to reduce memory usage. Loaded Objects now: 5319.
Total: 9.211400 ms (FindLiveObjects: 0.581300 ms CreateObjectMapping: 0.162600 ms MarkObjects: 8.332900 ms  DeleteObjects: 0.131900 ms)

AssetImportParameters requested are different than current active one (requested -> active):
  custom:framework-win-MediaFoundation: 216162199b28c13a410421893ffa2e32 -> 
  custom:video-decoder-ogg-theora: a1e56fd34408186e4bbccfd4996cb3dc -> 
  custom:container-muxer-webm: aa71ff27fc2769a1b78a27578f13a17b -> 
  custom:container-demuxer-webm: 4f35f7cbe854078d1ac9338744f61a02 -> 
  custom:container-demuxer-ogg: 62fdf1f143b41e24485cea50d1cbac27 -> 
  custom:video-encoder-webm-vp8: eb34c28f22e8b96e1ab97ce403110664 -> 
  custom:video-decoder-webm-vp8: 9c59270c3fd7afecdb556c50c9e8de78 -> 
  custom:audio-decoder-ogg-vorbis: bf7c407c2cedff20999df2af8eb42d56 -> 
  custom:audio-encoder-webm-vorbis: bf7c407c2cedff20999df2af8eb42d56 -> 
========================================================================
Received Import Request.
  path: Assets/Modelos/Escenario/Habitacion/piso.jpg
  artifactKey: Guid(681f7e8e1d204cf4985cad59606f2d0c) Importer(815301076,1909f56bfc062723c751e8b465ee728b)
Start importing Assets/Modelos/Escenario/Habitacion/piso.jpg using Guid(681f7e8e1d204cf4985cad59606f2d0c) Importer(815301076,1909f56bfc062723c751e8b465ee728b)  -> (artifact id: '951c0ca41a9691e195b044f89e6ce1ab') in 0.184213 seconds 
  Import took 0.193313 seconds .

========================================================================
Received Import Request.
  Time since last request: 0.000276 seconds.
  path: Assets/Modelos/Escenario/Habitacion/Paredes.png
  artifactKey: Guid(49b9d9c1f1ee4fb4dbde90afdc364d98) Importer(815301076,1909f56bfc062723c751e8b465ee728b)
Start importing Assets/Modelos/Escenario/Habitacion/Paredes.png using Guid(49b9d9c1f1ee4fb4dbde90afdc364d98) Importer(815301076,1909f56bfc062723c751e8b465ee728b)  -> (artifact id: '19c2c681a961929353da32a3165b076b') in 0.021267 seconds 
  Import took 0.028886 seconds .

========================================================================
Received Import Request.
  Time since last request: 0.000391 seconds.
  path: Assets/Modelos/Escenario/Habitacion/afiche4.jpg
  artifactKey: Guid(9c75092803c2d0348846ab5dcbd916a3) Importer(815301076,1909f56bfc062723c751e8b465ee728b)
Start importing Assets/Modelos/Escenario/Habitacion/afiche4.jpg using Guid(9c75092803c2d0348846ab5dcbd916a3) Importer(815301076,1909f56bfc062723c751e8b465ee728b)  -> (artifact id: '1cc3f4f8b1bfb5c4ea3b00fe3f5980f4') in 0.013841 seconds 
  Import took 0.021205 seconds .

========================================================================
Received Import Request.
  Time since last request: 0.000301 seconds.
  path: Assets/Modelos/Escenario/Habitacion/afiche5.jpg
  artifactKey: Guid(cb0ee9270978a7e48a73ed25f790440a) Importer(815301076,1909f56bfc062723c751e8b465ee728b)
Start importing Assets/Modelos/Escenario/Habitacion/afiche5.jpg using Guid(cb0ee9270978a7e48a73ed25f790440a) Importer(815301076,1909f56bfc062723c751e8b465ee728b)  -> (artifact id: '851b74b593e6a4984e892d15d8f1f15a') in 0.013487 seconds 
  Import took 0.021292 seconds .

========================================================================
Received Import Request.
  Time since last request: 0.000264 seconds.
  path: Assets/Modelos/Escenario/Habitacion/temporal.png
  artifactKey: Guid(29ea3b4c39d8e8843a9c65afcc118299) Importer(815301076,1909f56bfc062723c751e8b465ee728b)
Start importing Assets/Modelos/Escenario/Habitacion/temporal.png using Guid(29ea3b4c39d8e8843a9c65afcc118299) Importer(815301076,1909f56bfc062723c751e8b465ee728b)  -> (artifact id: 'de3f4461e08e8d42c82e0d8e00276c7d') in 0.017261 seconds 
  Import took 0.025022 seconds .

========================================================================
Received Import Request.
  Time since last request: 0.000237 seconds.
  path: Assets/Modelos/Escenario/Habitacion/Piso.png
  artifactKey: Guid(900ade828a8d29f469a5fb7ae27cf685) Importer(815301076,1909f56bfc062723c751e8b465ee728b)
Start importing Assets/Modelos/Escenario/Habitacion/Piso.png using Guid(900ade828a8d29f469a5fb7ae27cf685) Importer(815301076,1909f56bfc062723c751e8b465ee728b)  -> (artifact id: '3457251ec2f745eddba1205bc89cdcb5') in 0.019229 seconds 
  Import took 0.027173 seconds .

========================================================================
Received Import Request.
  Time since last request: 0.000198 seconds.
  path: Assets/Modelos/Escenario/Habitacion/pisoDos.jpg
  artifactKey: Guid(64a07f1ad49bfa7418644297054f3410) Importer(815301076,1909f56bfc062723c751e8b465ee728b)
Start importing Assets/Modelos/Escenario/Habitacion/pisoDos.jpg using Guid(64a07f1ad49bfa7418644297054f3410) Importer(815301076,1909f56bfc062723c751e8b465ee728b)  -> (artifact id: 'cd549504137b44d763f6f22eb9837f83') in 0.019873 seconds 
  Import took 0.027689 seconds .

========================================================================
Received Import Request.
  Time since last request: 0.000235 seconds.
  path: Assets/Modelos/Escenario/Habitacion/Paredes.jpg
  artifactKey: Guid(3b99e676c1ff62b4e8d8383083d98447) Importer(815301076,1909f56bfc062723c751e8b465ee728b)
Start importing Assets/Modelos/Escenario/Habitacion/Paredes.jpg using Guid(3b99e676c1ff62b4e8d8383083d98447) Importer(815301076,1909f56bfc062723c751e8b465ee728b)  -> (artifact id: '1d3017c43fa65f7ec3e819d51fb439ea') in 0.016867 seconds 
  Import took 0.025263 seconds .

========================================================================
Received Import Request.
  Time since last request: 0.000248 seconds.
  path: Assets/Modelos/Escenario/Habitacion
  artifactKey: Guid(a8753c32b634f214fb028f2925cc070f) Importer(815301076,1909f56bfc062723c751e8b465ee728b)
Start importing Assets/Modelos/Escenario/Habitacion using Guid(a8753c32b634f214fb028f2925cc070f) Importer(815301076,1909f56bfc062723c751e8b465ee728b)  -> (artifact id: '25014353ddbd3b100dd29442c359731d') in 0.008326 seconds 
  Import took 0.016613 seconds .

========================================================================
Received Import Request.
  Time since last request: 0.000239 seconds.
  path: Assets/Modelos/Escenario/Habitacion/afiche1.jpg
  artifactKey: Guid(f73a144bd49c05549bd41392f0b59858) Importer(815301076,1909f56bfc062723c751e8b465ee728b)
Start importing Assets/Modelos/Escenario/Habitacion/afiche1.jpg using Guid(f73a144bd49c05549bd41392f0b59858) Importer(815301076,1909f56bfc062723c751e8b465ee728b)  -> (artifact id: '03810e989346a10acff9f9539cab4fd7') in 0.017347 seconds 
  Import took 0.029058 seconds .

========================================================================
Received Import Request.
  Time since last request: 0.000336 seconds.
  path: Assets/Modelos/Escenario/Habitacion/PisoNormal.png
  artifactKey: Guid(97a89f0d65ca5254a985ff05d0fec129) Importer(815301076,1909f56bfc062723c751e8b465ee728b)
Start importing Assets/Modelos/Escenario/Habitacion/PisoNormal.png using Guid(97a89f0d65ca5254a985ff05d0fec129) Importer(815301076,1909f56bfc062723c751e8b465ee728b)  -> (artifact id: '24de9ea1deef802e213bfbd300ef055f') in 0.045398 seconds 
  Import took 0.054165 seconds .

========================================================================
Received Import Request.
  Time since last request: 0.000251 seconds.
  path: Assets/Modelos/Escenario/Habitacion/Paredes.psd
  artifactKey: Guid(fd2ea25d731c0f64799a2a1c786b8318) Importer(815301076,1909f56bfc062723c751e8b465ee728b)
Start importing Assets/Modelos/Escenario/Habitacion/Paredes.psd using Guid(fd2ea25d731c0f64799a2a1c786b8318) Importer(815301076,1909f56bfc062723c751e8b465ee728b)  -> (artifact id: 'c0e6d9f7e91bfb490cd013973b684480') in 0.014106 seconds 
  Import took 0.022468 seconds .

========================================================================
Received Import Request.
  Time since last request: 0.000253 seconds.
  path: Assets/Modelos/Escenario/Habitacion/Piso.psd
  artifactKey: Guid(cb387540cc20e2e45aa59b938023aaf0) Importer(815301076,1909f56bfc062723c751e8b465ee728b)
Start importing Assets/Modelos/Escenario/Habitacion/Piso.psd using Guid(cb387540cc20e2e45aa59b938023aaf0) Importer(815301076,1909f56bfc062723c751e8b465ee728b)  -> (artifact id: 'd16e3f2174c5031792ce0087237a6507') in 0.013512 seconds 
  Import took 0.021428 seconds .

========================================================================
Received Import Request.
  Time since last request: 0.000187 seconds.
  path: Assets/Modelos/Escenario/Habitacion/afiche2.png
  artifactKey: Guid(3b7e7ec059e3d0f438dd9cdbccb9ef17) Importer(815301076,1909f56bfc062723c751e8b465ee728b)
Start importing Assets/Modelos/Escenario/Habitacion/afiche2.png using Guid(3b7e7ec059e3d0f438dd9cdbccb9ef17) Importer(815301076,1909f56bfc062723c751e8b465ee728b)  -> (artifact id: 'c4fec687580b7ee0d9c245cc321995a9') in 0.013181 seconds 
  Import took 0.021090 seconds .

========================================================================
Received Import Request.
  Time since last request: 0.000203 seconds.
  path: Assets/Modelos/Escenario/Habitacion/Habitacion1.0.blend
  artifactKey: Guid(67c3e7343af50cd428f46bf8f2e5fe1e) Importer(815301076,1909f56bfc062723c751e8b465ee728b)
Start importing Assets/Modelos/Escenario/Habitacion/Habitacion1.0.blend using Guid(67c3e7343af50cd428f46bf8f2e5fe1e) Importer(815301076,1909f56bfc062723c751e8b465ee728b) Launched and connected shader compiler UnityShaderCompiler.exe after 0.05 seconds
Launched and connected shader compiler UnityShaderCompiler.exe after 0.05 seconds
Launched and connected shader compiler UnityShaderCompiler.exe after 0.05 seconds
Launched and connected shader compiler UnityShaderCompiler.exe after 0.05 seconds
Launched and connected shader compiler UnityShaderCompiler.exe after 0.05 seconds
Launched and connected shader compiler UnityShaderCompiler.exe after 0.05 seconds
Launched and connected shader compiler UnityShaderCompiler.exe after 0.05 seconds
Launched and connected shader compiler UnityShaderCompiler.exe after 0.05 seconds
Launched and connected shader compiler UnityShaderCompiler.exe after 0.05 seconds
Launched and connected shader compiler UnityShaderCompiler.exe after 0.05 seconds
Launched and connected shader compiler UnityShaderCompiler.exe after 0.06 seconds
Launched and connected shader compiler UnityShaderCompiler.exe after 0.05 seconds
Launched and connected shader compiler UnityShaderCompiler.exe after 0.05 seconds
Launched and connected shader compiler UnityShaderCompiler.exe after 0.05 seconds
Launched and connected shader compiler UnityShaderCompiler.exe after 0.05 seconds
 -> (artifact id: 'b5c75bc206cf6952399e6b70a1d16006') in 3.610641 seconds 
  Import took 3.622950 seconds .

========================================================================
Received Import Request.
  Time since last request: 0.000506 seconds.
  path: Assets/Modelos/Escenario/Habitacion/pared.jpg
  artifactKey: Guid(cf9f4a924951b7a4ab8d7fe095fbc9f6) Importer(815301076,1909f56bfc062723c751e8b465ee728b)
Start importing Assets/Modelos/Escenario/Habitacion/pared.jpg using Guid(cf9f4a924951b7a4ab8d7fe095fbc9f6) Importer(815301076,1909f56bfc062723c751e8b465ee728b)  -> (artifact id: '23dc73e2268c05c238ab338762677e29') in 0.019426 seconds 
  Import took 0.028393 seconds .

========================================================================
Received Import Request.
  Time since last request: 0.000211 seconds.
  path: Assets/Modelos/Escenario/Habitacion/afiche3.jpg
  artifactKey: Guid(61cf317cf8a117e438d581319ed15594) Importer(815301076,1909f56bfc062723c751e8b465ee728b)
Start importing Assets/Modelos/Escenario/Habitacion/afiche3.jpg using Guid(61cf317cf8a117e438d581319ed15594) Importer(815301076,1909f56bfc062723c751e8b465ee728b)  -> (artifact id: 'b4d653319e2d44938b38542d98a01487') in 0.013073 seconds 
  Import took 0.022020 seconds .

========================================================================
Received Import Request.
  Time since last request: 82.069156 seconds.
  path: Assets/Modelos/Escenario/Habitacion/Habitacion1.0.blend
  artifactKey: Guid(67c3e7343af50cd428f46bf8f2e5fe1e) Importer(815301076,1909f56bfc062723c751e8b465ee728b)
Start importing Assets/Modelos/Escenario/Habitacion/Habitacion1.0.blend using Guid(67c3e7343af50cd428f46bf8f2e5fe1e) Importer(815301076,1909f56bfc062723c751e8b465ee728b)  -> (artifact id: '04327ceb51c81e0b9792ade7f93a81a0') in 1.953202 seconds 
  Import took 1.965615 seconds .

AssetImportWorkerClient::OnTransportError - code=2 error=End of file
